+ 0 0 1 tcp 40 ------- 1 0.0 2.0 0 0
- 0 0 1 tcp 40 ------- 1 0.0 2.0 0 0
r 0.01032 0 1 tcp 40 ------- 1 0.0 2.0 0 0
+ 0.01032 1 2 tcp 40 ------- 1 0.0 2.0 0 0
- 0.01032 1 2 tcp 40 ------- 1 0.0 2.0 0 0
r 0.02064 1 2 tcp 40 ------- 1 0.0 2.0 0 0
+ 0.02064 2 1 ack 40 ------- 1 2.0 0.0 0 1
- 0.02064 2 1 ack 40 ------- 1 2.0 0.0 0 1
r 0.03096 2 1 ack 40 ------- 1 2.0 0.0 0 1
+ 0.03096 1 0 ack 40 ------- 1 2.0 0.0 0 1
- 0.03096 1 0 ack 40 ------- 1 2.0 0.0 0 1
r 0.04128 1 0 ack 40 ------- 1 2.0 0.0 0 1
+ 0.04128 0 1 tcp 1040 ------- 1 0.0 2.0 1 2
- 0.04128 0 1 tcp 1040 ------- 1 0.0 2.0 1 2
+ 0.04128 0 1 tcp 1040 ------- 1 0.0 2.0 2 3
- 0.0496 0 1 tcp 1040 ------- 1 0.0 2.0 2 3
r 0.0596 0 1 tcp 1040 ------- 1 0.0 2.0 1 2
+ 0.0596 1 2 tcp 1040 ------- 1 0.0 2.0 1 2
- 0.0596 1 2 tcp 1040 ------- 1 0.0 2.0 1 2
r 0.06792 0 1 tcp 1040 ------- 1 0.0 2.0 2 3
