+ 0.1 0 4 ping 50000 ------- 0 0.0 5.0 -1 0
- 0.1 0 4 ping 50000 ------- 0 0.0 5.0 -1 0
+ 0.1 2 4 ping 30000 ------- 0 2.0 3.0 -1 1
- 0.1 2 4 ping 30000 ------- 0 2.0 3.0 -1 1
r 0.10112 2 4 ping 30000 ------- 0 2.0 3.0 -1 1
+ 0.10112 4 3 ping 30000 ------- 0 2.0 3.0 -1 1
- 0.10112 4 3 ping 30000 ------- 0 2.0 3.0 -1 1
r 0.101398 0 4 ping 50000 ------- 0 0.0 5.0 -1 0
+ 0.101398 4 5 ping 50000 ------- 0 0.0 5.0 -1 0
- 0.101398 4 5 ping 50000 ------- 0 0.0 5.0 -1 0
r 0.10332 4 3 ping 30000 ------- 0 2.0 3.0 -1 1
+ 0.10332 3 4 ping 64 ------- 0 3.0 2.0 -1 2
- 0.10332 3 4 ping 64 ------- 0 3.0 2.0 -1 2
r 0.104323 3 4 ping 64 ------- 0 3.0 2.0 -1 2
+ 0.104323 4 2 ping 64 ------- 0 3.0 2.0 -1 2
- 0.104323 4 2 ping 64 ------- 0 3.0 2.0 -1 2
r 0.105323 4 2 ping 64 ------- 0 3.0 2.0 -1 2
+ 0.2 0 4 ping 50000 ------- 0 0.0 5.0 -1 3
- 0.2 0 4 ping 50000 ------- 0 0.0 5.0 -1 3
+ 0.2 2 4 ping 30000 ------- 0 2.0 3.0 -1 4
