h 0.1 0 6 tcp 40 ------- 0 0.0 5.0 0 0
h 0.2 2 6 tcp 40 ------- 0 2.0 3.0 0 1
+ 0.2 0 6 tcp 40 ------- 0 0.0 5.0 0 0
- 0.2 0 6 tcp 40 ------- 0 0.0 5.0 0 0
+ 0.3 2 6 tcp 40 ------- 0 2.0 3.0 0 1
- 0.3 2 6 tcp 40 ------- 0 2.0 3.0 0 1
r 0.300009 6 4 tcp 40 ------- 0 0.0 5.0 0 0
+ 0.300009 4 5 tcp 40 ------- 0 0.0 5.0 0 0
- 0.300009 4 5 tcp 40 ------- 0 0.0 5.0 0 0
r 0.301329 4 5 tcp 40 ------- 0 0.0 5.0 0 0
+ 0.301329 5 4 ack 40 ------- 0 5.0 0.0 0 2
- 0.301329 5 4 ack 40 ------- 0 5.0 0.0 0 2
r 0.302649 5 4 ack 40 ------- 0 5.0 0.0 0 2
h 0.302649 4 6 ack 40 ------- 0 5.0 0.0 0 2
r 0.400009 6 3 tcp 40 ------- 0 2.0 3.0 0 1
h 0.400009 3 6 ack 40 ------- 0 3.0 2.0 0 3
+ 0.402649 4 6 ack 40 ------- 0 5.0 0.0 0 2
- 0.402649 4 6 ack 40 ------- 0 5.0 0.0 0 2
+ 0.500009 3 6 ack 40 ------- 0 3.0 2.0 0 3
- 0.500009 3 6 ack 40 ------- 0 3.0 2.0 0 3
