<class 'pandas.core.frame.DataFrame'>
RangeIndex: 569 entries, 0 to 568
Data columns (total 32 columns):
 #   Column                   Non-Null Count  Dtype  
---  ------                   --------------  -----  
 0   id                       569 non-null    int64  
 1   diagnosis                569 non-null    object 
 2   radius_mean              569 non-null    float64
 3   texture_mean             569 non-null    float64
 4   perimeter_mean           569 non-null    float64
 5   area_mean                569 non-null    float64
 6   smoothness_mean          569 non-null    float64
 7   compactness_mean         569 non-null    float64
 8   concavity_mean           569 non-null    float64
 9   concave points_mean      569 non-null    float64
 10  symmetry_mean            569 non-null    float64
 11  fractal_dimension_mean   569 non-null    float64
 12  radius_se                569 non-null    float64
 13  texture_se               569 non-null    float64
 14  perimeter_se             569 non-null    float64
 15  area_se                  569 non-null    float64
 16  smoothness_se            569 non-null    float64
 17  compactness_se           569 non-null    float64
 18  concavity_se             569 non-null    float64
 19  concave points_se        569 non-null    float64
 20  symmetry_se              569 non-null    float64
 21  fractal_dimension_se     569 non-null    float64
 22  radius_worst             569 non-null    float64
 23  texture_worst            569 non-null    float64
 24  perimeter_worst          569 non-null    float64
 25  area_worst               569 non-null    float64
 26  smoothness_worst         569 non-null    float64
 27  compactness_worst        569 non-null    float64
 28  concavity_worst          569 non-null    float64
 29  concave points_worst     569 non-null    float64
 30  symmetry_worst           569 non-null    float64
 31  fractal_dimension_worst  569 non-null    float64
dtypes: float64(30), int64(1), object(1)
memory usage: 142.4+ KB
         id diagnosis  ...  symmetry_worst  fractal_dimension_worst
0    842302         M  ...          0.4601                  0.11890
1    842517         M  ...          0.2750                  0.08902
2  84300903         M  ...          0.3613                  0.08758
3  84348301         M  ...          0.6638                  0.17300
4  84358402         M  ...          0.2364                  0.07678

[5 rows x 32 columns]
(569, 32)
None
['M' 'B']
id                         0
diagnosis                  0
radius_mean                0
texture_mean               0
perimeter_mean             0
area_mean                  0
smoothness_mean            0
compactness_mean           0
concavity_mean             0
concave points_mean        0
symmetry_mean              0
fractal_dimension_mean     0
radius_se                  0
texture_se                 0
perimeter_se               0
area_se                    0
smoothness_se              0
compactness_se             0
concavity_se               0
concave points_se          0
symmetry_se                0
fractal_dimension_se       0
radius_worst               0
texture_worst              0
perimeter_worst            0
area_worst                 0
smoothness_worst           0
compactness_worst          0
concavity_worst            0
concave points_worst       0
symmetry_worst             0
fractal_dimension_worst    0
dtype: int64
0
                         count          mean  ...           75%           max
id                       569.0  3.037183e+07  ...  8.813129e+06  9.113205e+08
diagnosis                569.0  3.725835e-01  ...  1.000000e+00  1.000000e+00
radius_mean              569.0  1.412729e+01  ...  1.578000e+01  2.811000e+01
texture_mean             569.0  1.928965e+01  ...  2.180000e+01  3.928000e+01
perimeter_mean           569.0  9.196903e+01  ...  1.041000e+02  1.885000e+02
area_mean                569.0  6.548891e+02  ...  7.827000e+02  2.501000e+03
smoothness_mean          569.0  9.636028e-02  ...  1.053000e-01  1.634000e-01
compactness_mean         569.0  1.043410e-01  ...  1.304000e-01  3.454000e-01
concavity_mean           569.0  8.879932e-02  ...  1.307000e-01  4.268000e-01
concave points_mean      569.0  4.891915e-02  ...  7.400000e-02  2.012000e-01
symmetry_mean            569.0  1.811619e-01  ...  1.957000e-01  3.040000e-01
fractal_dimension_mean   569.0  6.279761e-02  ...  6.612000e-02  9.744000e-02
radius_se                569.0  4.051721e-01  ...  4.789000e-01  2.873000e+00
texture_se               569.0  1.216853e+00  ...  1.474000e+00  4.885000e+00
perimeter_se             569.0  2.866059e+00  ...  3.357000e+00  2.198000e+01
area_se                  569.0  4.033708e+01  ...  4.519000e+01  5.422000e+02
smoothness_se            569.0  7.040979e-03  ...  8.146000e-03  3.113000e-02
compactness_se           569.0  2.547814e-02  ...  3.245000e-02  1.354000e-01
concavity_se             569.0  3.189372e-02  ...  4.205000e-02  3.960000e-01
concave points_se        569.0  1.179614e-02  ...  1.471000e-02  5.279000e-02
symmetry_se              569.0  2.054230e-02  ...  2.348000e-02  7.895000e-02
fractal_dimension_se     569.0  3.794904e-03  ...  4.558000e-03  2.984000e-02
radius_worst             569.0  1.626919e+01  ...  1.879000e+01  3.604000e+01
texture_worst            569.0  2.567722e+01  ...  2.972000e+01  4.954000e+01
perimeter_worst          569.0  1.072612e+02  ...  1.254000e+02  2.512000e+02
area_worst               569.0  8.805831e+02  ...  1.084000e+03  4.254000e+03
smoothness_worst         569.0  1.323686e-01  ...  1.460000e-01  2.226000e-01
compactness_worst        569.0  2.542650e-01  ...  3.391000e-01  1.058000e+00
concavity_worst          569.0  2.721885e-01  ...  3.829000e-01  1.252000e+00
concave points_worst     569.0  1.146062e-01  ...  1.614000e-01  2.910000e-01
symmetry_worst           569.0  2.900756e-01  ...  3.179000e-01  6.638000e-01
fractal_dimension_worst  569.0  8.394582e-02  ...  9.208000e-02  2.075000e-01

[32 rows x 8 columns]
Variance explained by PC1 : 0.4351
Variance explained by PC2 : 0.1791
Total variance explained by first 2 components : 0.6142
