                     Reduced Dimensions :
[[5.1 3.5 1.4 0.2]   [[-2.26470281  0.4800266 ]     [6.4 2.9 4.3 1.3]    [ 0.70266118 -0.06341182]
 [4.9 3.  1.4 0.2]    [-2.08096115 -0.67413356]     [6.6 3.  4.4 1.4]    [ 0.87427365  0.25079339]
 [4.7 3.2 1.3 0.2]    [-2.36422905 -0.34190802]     [6.8 2.8 4.8 1.4]    [ 1.25650912 -0.07725602]
 [4.6 3.1 1.5 0.2]    [-2.29938422 -0.59739451]     [6.7 3.  5.  1.7]    [ 1.35840512  0.33131168]
 [5.  3.6 1.4 0.2]    [-2.38984217  0.64683538]     [6.  2.9 4.5 1.5]    [ 0.66480037 -0.22592785]
 [5.4 3.9 1.7 0.4]    [-2.07563095  1.48917752]     [5.7 2.6 3.5 1. ]    [-0.04025861 -1.05871855]
 [4.6 3.4 1.4 0.3]    [-2.44402884  0.0476442 ]     [5.5 2.4 3.8 1.1]    [ 0.13079518 -1.56227183]
 [5.  3.4 1.5 0.2]    [-2.23284716  0.22314807]     [5.5 2.4 3.7 1. ]    [ 0.02345269 -1.57247559]
 [4.4 2.9 1.4 0.2]    [-2.33464048 -1.11532768]     [5.8 2.7 3.9 1.2]    [ 0.24153827 -0.77725638]
 [4.9 3.1 1.5 0.1]    [-2.18432817 -0.46901356]     [6.  2.7 5.1 1.6]    [ 1.06109461 -0.63384324]
 [5.4 3.7 1.5 0.2]    [-2.1663101   1.04369065]     [5.4 3.  4.5 1.5]    [ 0.22397877 -0.28777351]
 [4.8 3.4 1.6 0.2]    [-2.32613087  0.13307834]     [6.  3.4 4.5 1.6]    [ 0.42913912  0.84558224]
 [4.8 3.  1.4 0.1]    [-2.2184509  -0.72867617]     [6.7 3.1 4.7 1.5]    [ 1.04872805  0.5220518 ]
 [4.3 3.  1.1 0.1]    [-2.6331007  -0.96150673]     [6.3 2.3 4.4 1.3]    [ 1.04453138 -1.38298872]
 [5.8 4.  1.2 0.2]    [-2.1987406   1.86005711]     [5.6 3.  4.1 1.3]    [ 0.06958832 -0.21950333]
 [5.7 4.4 1.5 0.4]    [-2.26221453  2.68628449]     [5.5 2.5 4.  1.3]    [ 0.28347724 -1.32932464]
 [5.4 3.9 1.3 0.4]    [-2.2075877   1.48360936]     [5.5 2.6 4.4 1.2]    [ 0.27907778 -1.12002852]
 [5.1 3.5 1.4 0.3]    [-2.19034951  0.48883832]     [6.1 3.  4.6 1.4]    [ 0.62456979  0.02492303]
 [5.7 3.8 1.7 0.3]    [-1.898572    1.40501879]     [5.8 2.6 4.  1.2]    [ 0.33653037 -0.98840402]
 [5.1 3.8 1.5 0.3]    [-2.34336905  1.12784938]     [5.  2.3 3.3 1. ]    [-0.36218338 -2.01923787]
 [5.4 3.4 1.7 0.2]    [-1.914323    0.40885571]     [5.6 2.7 4.2 1.3]    [ 0.28858624 -0.85573032]
 [5.1 3.7 1.5 0.4]    [-2.20701284  0.92412143]     [5.7 3.  4.2 1.2]    [ 0.09136066 -0.18119213]
 [4.6 3.6 1.  0.2]    [-2.7743447   0.45834367]     [5.7 2.9 4.2 1.3]    [ 0.22771687 -0.38492008]
 [5.1 3.3 1.7 0.5]    [-1.81866953  0.08555853]     [6.2 2.9 4.3 1.3]    [ 0.57638829 -0.1548736 ]
 [4.8 3.4 1.9 0.2]    [-2.22716331  0.13725446]     [5.1 2.5 3.  1.1]    [-0.44766702 -1.54379203]
 [5.  3.  1.6 0.2]    [-1.95184633 -0.62561859]     [5.7 2.8 4.1 1.3]    [ 0.25673059 -0.5988518 ]
 [5.  3.4 1.6 0.4]    [-2.05115137  0.24216355]     [6.3 3.3 6.  2.5]    [ 1.84456887  0.87042131]
 [5.2 3.5 1.5 0.2]    [-2.16857717  0.52714953]     [5.8 2.7 5.1 1.9]    [ 1.15788161 -0.69886986]
 [5.2 3.4 1.4 0.2]    [-2.13956345  0.31321781]     [7.1 3.  5.9 2.1]    [ 2.20526679  0.56201048]
 [4.7 3.2 1.6 0.2]    [-2.26526149 -0.3377319 ]     [6.3 2.9 5.6 1.8]    [ 1.44015066 -0.04698759]
 [4.8 3.1 1.6 0.2]    [-2.14012214 -0.50454069]     [6.5 3.  5.8 2.2]    [ 1.86781222  0.29504482]
 [5.4 3.4 1.5 0.4]    [-1.83159477  0.42369507]     [7.6 3.  6.6 2.1]    [ 2.75187334  0.8004092 ]
 [5.2 4.1 1.5 0.1]    [-2.61494794  1.79357586]     [4.9 2.5 4.5 1.7]    [ 0.36701769 -1.56150289]
 [5.5 4.2 1.4 0.2]    [-2.44617739  2.15072788]     [7.3 2.9 6.3 1.8]    [ 2.30243944  0.42006558]
 [4.9 3.1 1.5 0.2]    [-2.10997488 -0.46020184]     [6.7 2.5 5.8 1.8]    [ 2.00668647 -0.71143865]
 [5.  3.2 1.2 0.2]    [-2.2078089  -0.2061074 ]     [7.2 3.6 6.1 2.5]    [ 2.25977735  1.92101038]
 [5.5 3.5 1.3 0.2]    [-2.04514621  0.66155811]     [6.5 3.2 5.1 2. ]    [ 1.36417549  0.69275645]
 [4.9 3.6 1.4 0.1]    [-2.52733191  0.59229277]     [6.4 2.7 5.3 1.9]    [ 1.60267867 -0.42170045]
 [4.4 3.  1.3 0.2]    [-2.42963258 -0.90418004]     [6.8 3.  5.5 2.1]    [ 1.8839007   0.41924965]
 [5.1 3.4 1.5 0.2]    [-2.16971071  0.26887896]     [5.7 2.5 5.  2. ]    [ 1.2601151  -1.16226042]
 [5.  3.5 1.3 0.3]    [-2.28647514  0.44171539]     [5.8 2.8 5.1 2.4]    [ 1.4676452  -0.44227159]
 [4.5 2.3 1.3 0.3]    [-1.85812246 -2.33741516]     [6.4 3.2 5.3 2.3]    [ 1.59007732  0.67624481]
 [4.4 3.2 1.3 0.2]    [-2.5536384  -0.47910069]     [6.5 3.  5.5 1.8]    [ 1.47143146  0.25562182]
 [5.  3.5 1.6 0.6]    [-1.96444768  0.47232667]     [7.7 3.8 6.7 2.2]    [ 2.42632899  2.55666125]
 [5.1 3.8 1.9 0.4]    [-2.13705901  1.14222926]     [7.7 2.6 6.9 2.3]    [ 3.31069558  0.01778095]
 [4.8 3.  1.4 0.3]    [-2.0697443  -0.71105273]     [6.  2.2 5.  1.5]    [ 1.26376667 -1.70674538]
 [5.1 3.8 1.6 0.2]    [-2.38473317  1.1204297 ]     [6.9 3.2 5.7 2.3]    [ 2.0377163   0.91046741]
 [4.6 3.2 1.4 0.2]    [-2.39437631 -0.38624687]     [5.6 2.8 4.9 2. ]    [ 0.97798073 -0.57176432]
 [5.3 3.7 1.5 0.2]    [-2.22944655  0.99795976]     [7.7 2.8 6.7 2. ]    [ 2.89765149  0.41364106]
 [5.  3.3 1.4 0.2]    [-2.20383344  0.00921636]     [6.3 2.7 4.9 1.8]    [ 1.33323218 -0.48181122]
 [7.  3.2 4.7 1.4]    [ 1.10178118  0.86297242]     [6.7 3.3 5.7 2.1]    [ 1.7007339   1.01392187]
 [6.4 3.2 4.5 1.5]    [ 0.73133743  0.59461473]     [7.2 3.2 6.  1.8]    [ 1.95432671  1.0077776 ]
 [6.9 3.1 4.9 1.5]    [ 1.24097932  0.61629765]     [6.2 2.8 4.8 1.8]    [ 1.17510363 -0.31639447]
 [5.5 2.3 4.  1.3]    [ 0.40748306 -1.75440399]     [6.1 3.  4.9 1.8]    [ 1.02095055  0.06434603]
 [6.5 2.8 4.6 1.5]    [ 1.0754747  -0.20842105]     [6.4 2.8 5.6 2.1]    [ 1.78834992 -0.18736121]
 [5.7 2.8 4.5 1.3]    [ 0.38868734 -0.59328364]     [7.2 3.  5.8 1.6]    [ 1.86364755  0.56229073]
 [6.3 3.3 4.7 1.6]    [ 0.74652974  0.77301931]     [7.4 2.8 6.1 1.9]    [ 2.43595373  0.25928443]
 [4.9 2.4 3.3 1. ]    [-0.48732274 -1.85242909]     [7.9 3.8 6.4 2. ]    [ 2.30492772  2.62632347]
 [6.6 2.9 4.6 1.3]    [ 0.92790164  0.03222608]     [6.4 2.8 5.6 2.2]    [ 1.86270322 -0.17854949]
 [5.2 2.7 3.9 1.4]    [ 0.01142619 -1.03401828]     [6.3 2.8 5.1 1.5]    [ 1.11414774 -0.29292262]
 [5.  2.  3.5 1. ]    [-0.11019628 -2.65407282]     [6.1 2.6 5.6 1.4]    [ 1.2024733  -0.81131527]
 [5.9 3.  4.2 1.5]    [ 0.44069345 -0.06329519]     [7.7 3.  6.1 2.3]    [ 2.79877045  0.85680333]
 [6.  2.2 4.  1. ]    [ 0.56210831 -1.76472438]     [6.3 3.4 5.6 2.4]    [ 1.57625591  1.06858111]
 [6.1 2.9 4.7 1.4]    [ 0.71956189 -0.18622461]     [6.4 3.1 5.5 1.8]    [ 1.3462921   0.42243061]
 [5.6 2.9 3.6 1.3]    [-0.0333547  -0.43900321]     [6.  3.  4.8 1.8]    [ 0.92482492  0.0172231 ]
 [6.7 3.1 4.4 1.4]    [ 0.87540719  0.50906396]     [6.9 3.1 5.4 2.1]    [ 1.85204505  0.67612817]
 [5.6 3.  4.5 1.5]    [ 0.35025167 -0.19631173]     [6.7 3.1 5.6 2.4]    [ 2.01481043  0.61388564]
 [5.8 2.7 4.1 1. ]    [ 0.15881005 -0.79209574]     [6.9 3.1 5.1 2.3]    [ 1.90178409  0.68957549]
 [6.2 2.2 4.5 1.5]    [ 1.22509363 -1.6222438 ]     [5.8 2.7 5.1 1.9]    [ 1.15788161 -0.69886986]
 [5.6 2.5 3.9 1.1]    [ 0.1649179  -1.30260923]     [6.8 3.2 5.9 2.3]    [ 2.04055823  0.8675206 ]
 [5.9 3.2 4.8 1.8]    [ 0.73768265  0.39657156]     [6.7 3.3 5.7 2.5]    [ 1.9981471   1.04916875]
 [6.1 2.8 4.  1.3]    [ 0.47628719 -0.41732028]     [6.7 3.  5.2 2.3]    [ 1.87050329  0.38696608]
 [6.3 2.5 4.9 1.5]    [ 1.2341781  -0.93332573]     [6.3 2.5 5.  1.9]    [ 1.56458048 -0.89668681]
 [6.1 2.8 4.7 1.2]    [ 0.6328582  -0.41638772]     [6.5 3.  5.2 2. ]    [ 1.5211705   0.26906914]
                                                    [6.2 3.4 5.4 2.3]    [ 1.37278779  1.01125442]
                                                    [5.9 3.  5.1 1.8]]   [ 0.96065603 -0.02433167]]

[0 0 0 0 0 0 0 0 0 0 0 0 0 0 0 0 0 0 0 0 0 0 0 0 0 0 0 0 0 0 0 0 0 0 0 0 0
 0 0 0 0 0 0 0 0 0 0 0 0 0 1 1 1 1 1 1 1 1 1 1 1 1 1 1 1 1 1 1 1 1 1 1 1 1
 1 1 1 1 1 1 1 1 1 1 1 1 1 1 1 1 1 1 1 1 1 1 1 1 1 1 2 2 2 2 2 2 2 2 2 2 2
 2 2 2 2 2 2 2 2 2 2 2 2 2 2 2 2 2 2 2 2 2 2 2 2 2 2 2 2 2 2 2 2 2 2 2 2 2
 2 2]

[[-9.00681170e-01  1.01900435e+00 -1.34022653e+00 -1.31544430e+00]
 [-1.14301691e+00 -1.31979479e-01 -1.34022653e+00 -1.31544430e+00]
 [-1.38535265e+00  3.28414053e-01 -1.39706395e+00 -1.31544430e+00]
 [-1.50652052e+00  9.82172869e-02 -1.28338910e+00 -1.31544430e+00]
 [-1.02184904e+00  1.24920112e+00 -1.34022653e+00 -1.31544430e+00]
 [-5.37177559e-01  1.93979142e+00 -1.16971425e+00 -1.05217993e+00]
 [-1.50652052e+00  7.88807586e-01 -1.34022653e+00 -1.18381211e+00]
 [-1.02184904e+00  7.88807586e-01 -1.28338910e+00 -1.31544430e+00]
 [-1.74885626e+00 -3.62176246e-01 -1.34022653e+00 -1.31544430e+00]
 [-1.14301691e+00  9.82172869e-02 -1.28338910e+00 -1.44707648e+00]
 [-5.37177559e-01  1.47939788e+00 -1.28338910e+00 -1.31544430e+00]
 [-1.26418478e+00  7.88807586e-01 -1.22655167e+00 -1.31544430e+00]
 [-1.26418478e+00 -1.31979479e-01 -1.34022653e+00 -1.44707648e+00]
 [-1.87002413e+00 -1.31979479e-01 -1.51073881e+00 -1.44707648e+00]
 [-5.25060772e-02  2.16998818e+00 -1.45390138e+00 -1.31544430e+00]
 [-1.73673948e-01  3.09077525e+00 -1.28338910e+00 -1.05217993e+00]
 [-5.37177559e-01  1.93979142e+00 -1.39706395e+00 -1.05217993e+00]
 [-9.00681170e-01  1.01900435e+00 -1.34022653e+00 -1.18381211e+00]
 [-1.73673948e-01  1.70959465e+00 -1.16971425e+00 -1.18381211e+00]
 [-9.00681170e-01  1.70959465e+00 -1.28338910e+00 -1.18381211e+00]
 [-5.37177559e-01  7.88807586e-01 -1.16971425e+00 -1.31544430e+00]
 [-9.00681170e-01  1.47939788e+00 -1.28338910e+00 -1.05217993e+00]
 [-1.50652052e+00  1.24920112e+00 -1.56757623e+00 -1.31544430e+00]
 [-9.00681170e-01  5.58610819e-01 -1.16971425e+00 -9.20547742e-01]
 [-1.26418478e+00  7.88807586e-01 -1.05603939e+00 -1.31544430e+00]
 [-1.02184904e+00 -1.31979479e-01 -1.22655167e+00 -1.31544430e+00]
 [-1.02184904e+00  7.88807586e-01 -1.22655167e+00 -1.05217993e+00]
 [-7.79513300e-01  1.01900435e+00 -1.28338910e+00 -1.31544430e+00]
 [-7.79513300e-01  7.88807586e-01 -1.34022653e+00 -1.31544430e+00]
 [-1.38535265e+00  3.28414053e-01 -1.22655167e+00 -1.31544430e+00]
 [-1.26418478e+00  9.82172869e-02 -1.22655167e+00 -1.31544430e+00]
 [-5.37177559e-01  7.88807586e-01 -1.28338910e+00 -1.05217993e+00]
 [-7.79513300e-01  2.40018495e+00 -1.28338910e+00 -1.44707648e+00]
 [-4.16009689e-01  2.63038172e+00 -1.34022653e+00 -1.31544430e+00]
 [-1.14301691e+00  9.82172869e-02 -1.28338910e+00 -1.31544430e+00]
 [-1.02184904e+00  3.28414053e-01 -1.45390138e+00 -1.31544430e+00]
 [-4.16009689e-01  1.01900435e+00 -1.39706395e+00 -1.31544430e+00]
 [-1.14301691e+00  1.24920112e+00 -1.34022653e+00 -1.44707648e+00]
 [-1.74885626e+00 -1.31979479e-01 -1.39706395e+00 -1.31544430e+00]
 [-9.00681170e-01  7.88807586e-01 -1.28338910e+00 -1.31544430e+00]
 [-1.02184904e+00  1.01900435e+00 -1.39706395e+00 -1.18381211e+00]
 [-1.62768839e+00 -1.74335684e+00 -1.39706395e+00 -1.18381211e+00]
 [-1.74885626e+00  3.28414053e-01 -1.39706395e+00 -1.31544430e+00]
 [-1.02184904e+00  1.01900435e+00 -1.22655167e+00 -7.88915558e-01]
 [-9.00681170e-01  1.70959465e+00 -1.05603939e+00 -1.05217993e+00]
 [-1.26418478e+00 -1.31979479e-01 -1.34022653e+00 -1.18381211e+00]
 [-9.00681170e-01  1.70959465e+00 -1.22655167e+00 -1.31544430e+00]
 [-1.50652052e+00  3.28414053e-01 -1.34022653e+00 -1.31544430e+00]
 [-6.58345429e-01  1.47939788e+00 -1.28338910e+00 -1.31544430e+00]
 [-1.02184904e+00  5.58610819e-01 -1.34022653e+00 -1.31544430e+00]
 [ 1.40150837e+00  3.28414053e-01  5.35408562e-01  2.64141916e-01]
 [ 6.74501145e-01  3.28414053e-01  4.21733708e-01  3.95774101e-01]
 [ 1.28034050e+00  9.82172869e-02  6.49083415e-01  3.95774101e-01]
 [-4.16009689e-01 -1.74335684e+00  1.37546573e-01  1.32509732e-01]
 [ 7.95669016e-01 -5.92373012e-01  4.78571135e-01  3.95774101e-01]
 [-1.73673948e-01 -5.92373012e-01  4.21733708e-01  1.32509732e-01]
 [ 5.53333275e-01  5.58610819e-01  5.35408562e-01  5.27406285e-01]
 [-1.14301691e+00 -1.51316008e+00 -2.60315415e-01 -2.62386821e-01]
 [ 9.16836886e-01 -3.62176246e-01  4.78571135e-01  1.32509732e-01]
 [-7.79513300e-01 -8.22569778e-01  8.07091462e-02  2.64141916e-01]
 [-1.02184904e+00 -2.43394714e+00 -1.46640561e-01 -2.62386821e-01]
 [ 6.86617933e-02 -1.31979479e-01  2.51221427e-01  3.95774101e-01]
 [ 1.89829664e-01 -1.97355361e+00  1.37546573e-01 -2.62386821e-01]
 [ 3.10997534e-01 -3.62176246e-01  5.35408562e-01  2.64141916e-01]
 [-2.94841818e-01 -3.62176246e-01 -8.98031345e-02  1.32509732e-01]
 [ 1.03800476e+00  9.82172869e-02  3.64896281e-01  2.64141916e-01]
 [-2.94841818e-01 -1.31979479e-01  4.21733708e-01  3.95774101e-01]
 [-5.25060772e-02 -8.22569778e-01  1.94384000e-01 -2.62386821e-01]
 [ 4.32165405e-01 -1.97355361e+00  4.21733708e-01  3.95774101e-01]
 [-2.94841818e-01 -1.28296331e+00  8.07091462e-02 -1.30754636e-01]
 [ 6.86617933e-02  3.28414053e-01  5.92245988e-01  7.90670654e-01]
 [ 3.10997534e-01 -5.92373012e-01  1.37546573e-01  1.32509732e-01]
 [ 5.53333275e-01 -1.28296331e+00  6.49083415e-01  3.95774101e-01]
 [ 3.10997534e-01 -5.92373012e-01  5.35408562e-01  8.77547895e-04]
 [ 6.74501145e-01 -3.62176246e-01  3.08058854e-01  1.32509732e-01]
 [ 9.16836886e-01 -1.31979479e-01  3.64896281e-01  2.64141916e-01]
 [ 1.15917263e+00 -5.92373012e-01  5.92245988e-01  2.64141916e-01]
 [ 1.03800476e+00 -1.31979479e-01  7.05920842e-01  6.59038469e-01]
 [ 1.89829664e-01 -3.62176246e-01  4.21733708e-01  3.95774101e-01]
 [-1.73673948e-01 -1.05276654e+00 -1.46640561e-01 -2.62386821e-01]
 [-4.16009689e-01 -1.51316008e+00  2.38717193e-02 -1.30754636e-01]
 [-4.16009689e-01 -1.51316008e+00 -3.29657076e-02 -2.62386821e-01]
 [-5.25060772e-02 -8.22569778e-01  8.07091462e-02  8.77547895e-04]
 [ 1.89829664e-01 -8.22569778e-01  7.62758269e-01  5.27406285e-01]
 [-5.37177559e-01 -1.31979479e-01  4.21733708e-01  3.95774101e-01]
 [ 1.89829664e-01  7.88807586e-01  4.21733708e-01  5.27406285e-01]
 [ 1.03800476e+00  9.82172869e-02  5.35408562e-01  3.95774101e-01]
 [ 5.53333275e-01 -1.74335684e+00  3.64896281e-01  1.32509732e-01]
 [-2.94841818e-01 -1.31979479e-01  1.94384000e-01  1.32509732e-01]
 [-4.16009689e-01 -1.28296331e+00  1.37546573e-01  1.32509732e-01]
 [-4.16009689e-01 -1.05276654e+00  3.64896281e-01  8.77547895e-04]
 [ 3.10997534e-01 -1.31979479e-01  4.78571135e-01  2.64141916e-01]
 [-5.25060772e-02 -1.05276654e+00  1.37546573e-01  8.77547895e-04]
 [-1.02184904e+00 -1.74335684e+00 -2.60315415e-01 -2.62386821e-01]
 [-2.94841818e-01 -8.22569778e-01  2.51221427e-01  1.32509732e-01]
 [-1.73673948e-01 -1.31979479e-01  2.51221427e-01  8.77547895e-04]
 [-1.73673948e-01 -3.62176246e-01  2.51221427e-01  1.32509732e-01]
 [ 4.32165405e-01 -3.62176246e-01  3.08058854e-01  1.32509732e-01]
 [-9.00681170e-01 -1.28296331e+00 -4.30827696e-01 -1.30754636e-01]
 [-1.73673948e-01 -5.92373012e-01  1.94384000e-01  1.32509732e-01]
 [ 5.53333275e-01  5.58610819e-01  1.27429511e+00  1.71209594e+00]
 [-5.25060772e-02 -8.22569778e-01  7.62758269e-01  9.22302838e-01]
 [ 1.52267624e+00 -1.31979479e-01  1.21745768e+00  1.18556721e+00]
 [ 5.53333275e-01 -3.62176246e-01  1.04694540e+00  7.90670654e-01]
 [ 7.95669016e-01 -1.31979479e-01  1.16062026e+00  1.31719939e+00]
 [ 2.12851559e+00 -1.31979479e-01  1.61531967e+00  1.18556721e+00]
 [-1.14301691e+00 -1.28296331e+00  4.21733708e-01  6.59038469e-01]
 [ 1.76501198e+00 -3.62176246e-01  1.44480739e+00  7.90670654e-01]
 [ 1.03800476e+00 -1.28296331e+00  1.16062026e+00  7.90670654e-01]
 [ 1.64384411e+00  1.24920112e+00  1.33113254e+00  1.71209594e+00]
 [ 7.95669016e-01  3.28414053e-01  7.62758269e-01  1.05393502e+00]
 [ 6.74501145e-01 -8.22569778e-01  8.76433123e-01  9.22302838e-01]
 [ 1.15917263e+00 -1.31979479e-01  9.90107977e-01  1.18556721e+00]
 [-1.73673948e-01 -1.28296331e+00  7.05920842e-01  1.05393502e+00]
 [-5.25060772e-02 -5.92373012e-01  7.62758269e-01  1.58046376e+00]
 [ 6.74501145e-01  3.28414053e-01  8.76433123e-01  1.44883158e+00]
 [ 7.95669016e-01 -1.31979479e-01  9.90107977e-01  7.90670654e-01]
 [ 2.24968346e+00  1.70959465e+00  1.67215710e+00  1.31719939e+00]
 [ 2.24968346e+00 -1.05276654e+00  1.78583195e+00  1.44883158e+00]
 [ 1.89829664e-01 -1.97355361e+00  7.05920842e-01  3.95774101e-01]
 [ 1.28034050e+00  3.28414053e-01  1.10378283e+00  1.44883158e+00]
 [-2.94841818e-01 -5.92373012e-01  6.49083415e-01  1.05393502e+00]
 [ 2.24968346e+00 -5.92373012e-01  1.67215710e+00  1.05393502e+00]
 [ 5.53333275e-01 -8.22569778e-01  6.49083415e-01  7.90670654e-01]
 [ 1.03800476e+00  5.58610819e-01  1.10378283e+00  1.18556721e+00]
 [ 1.64384411e+00  3.28414053e-01  1.27429511e+00  7.90670654e-01]
 [ 4.32165405e-01 -5.92373012e-01  5.92245988e-01  7.90670654e-01]
 [ 3.10997534e-01 -1.31979479e-01  6.49083415e-01  7.90670654e-01]
 [ 6.74501145e-01 -5.92373012e-01  1.04694540e+00  1.18556721e+00]
 [ 1.64384411e+00 -1.31979479e-01  1.16062026e+00  5.27406285e-01]
 [ 1.88617985e+00 -5.92373012e-01  1.33113254e+00  9.22302838e-01]
 [ 2.49201920e+00  1.70959465e+00  1.50164482e+00  1.05393502e+00]
 [ 6.74501145e-01 -5.92373012e-01  1.04694540e+00  1.31719939e+00]
 [ 5.53333275e-01 -5.92373012e-01  7.62758269e-01  3.95774101e-01]
 [ 3.10997534e-01 -1.05276654e+00  1.04694540e+00  2.64141916e-01]
 [ 2.24968346e+00 -1.31979479e-01  1.33113254e+00  1.44883158e+00]
 [ 5.53333275e-01  7.88807586e-01  1.04694540e+00  1.58046376e+00]
 [ 6.74501145e-01  9.82172869e-02  9.90107977e-01  7.90670654e-01]
 [ 1.89829664e-01 -1.31979479e-01  5.92245988e-01  7.90670654e-01]
 [ 1.28034050e+00  9.82172869e-02  9.33270550e-01  1.18556721e+00]
 [ 1.03800476e+00  9.82172869e-02  1.04694540e+00  1.58046376e+00]
 [ 1.28034050e+00  9.82172869e-02  7.62758269e-01  1.44883158e+00]
 [-5.25060772e-02 -8.22569778e-01  7.62758269e-01  9.22302838e-01]
 [ 1.15917263e+00  3.28414053e-01  1.21745768e+00  1.44883158e+00]
 [ 1.03800476e+00  5.58610819e-01  1.10378283e+00  1.71209594e+00]
 [ 1.03800476e+00 -1.31979479e-01  8.19595696e-01  1.44883158e+00]
 [ 5.53333275e-01 -1.28296331e+00  7.05920842e-01  9.22302838e-01]
 [ 7.95669016e-01 -1.31979479e-01  8.19595696e-01  1.05393502e+00]
 [ 4.32165405e-01  7.88807586e-01  9.33270550e-01  1.44883158e+00]
 [ 6.86617933e-02 -1.31979479e-01  7.62758269e-01  7.90670654e-01]]

Covariance Matrix :
[[ 1.00671141 -0.11835884  0.87760447  0.82343066]
 [-0.11835884  1.00671141 -0.43131554 -0.36858315]
 [ 0.87760447 -0.43131554  1.00671141  0.96932762]
 [ 0.82343066 -0.36858315  0.96932762  1.00671141]]

Eigen Values :
[2.93808505 0.9201649  0.14774182 0.02085386]

Eigen Vectors :
[[ 0.52106591 -0.37741762 -0.71956635  0.26128628]
 [-0.26934744 -0.92329566  0.24438178 -0.12350962]
 [ 0.5804131  -0.02449161  0.14212637 -0.80144925]
 [ 0.56485654 -0.06694199  0.63427274  0.52359713]]

Singular Values :
[20.92306556 11.7091661   4.69185798  1.76273239]

Explained Variance by PCA1 : 0.73
Explained Variance by PCA2 : 0.23
