Missionaries & cannibals 	
Now the task is to move all of them to right side of the river 	
	
Rules : 	
1. The boat can carry at most two people 	
2. If cannibals num greater than missionaries then the cannibals would eat the missionaries 	
3. The boat cannot cross the river by itself with no people on board

M M M C C C | --- |

Left side -> right side river travel

Enter number of Missionaries travel => 0
Enter number of Cannibals travel => 2

M M M C | --> |C C 

Right side -> Left side river travel

Enter number of Missionaries travel => 0
Enter number of Cannibals travel => 1

Left side -> right side river travel

Enter number of Missionaries travel => 2
Enter number of Cannibals travel => 0

M C | --> |M M C C 

Right side -> Left side river travel

Enter number of Missionaries travel => 1
Enter number of Cannibals travel => 1

Left side -> right side river travel

Enter number of Missionaries travel => 1
Enter number of Cannibals travel => 1

| --> |M M M C C C 

You won the game Congrats !
Total attempt(s) :  3
