Player X's turn :

  |   |
---------
  |   |
---------
  |   |
---------

Enter row (1-3) : 1
Enter column (1-3) : 1


Player O's turn :

X |   |
---------
  |   |
---------
  |   |
---------

Enter row (1-3) : 2
Enter column (1-3) : 2


Player X's turn :

X |   |
---------
  | O |
---------
  |   |
---------

Enter row (1-3) : 3
Enter column (1-3) : 1


Player O's turn :

X |   |
---------
  | O |
---------
X |   |
---------

Enter row (1-3) : 2
Enter column (1-3) : 1


Player X's turn :

X |   |
---------
O | O |
---------
X |   |
---------

Enter row (1-3) : 2
Enter column (1-3) : 3


Player O's turn :

X |   |
---------
O | O | X
---------
X |   |
---------

Enter row (1-3) : 1
Enter column (1-3) : 2


Player X's turn :

X | O |
---------
O | O | X
---------
X |   |
---------

Enter row (1-3) : 3
Enter column (1-3) : 2


Player O's turn :

X | O |
---------
O | O | X
---------
X | X |
---------

Enter row (1-3) : 3
Enter column (1-3) : 3


Player X's turn :

X | O |
---------
O | O | X
---------
X | X | O
---------

Enter row (1-3) : 1
Enter column (1-3) : 3


X | O | X
---------
O | O | X
---------
X | X | O
---------

It's a tie !
