// Insert document
{
  acknowledged: true,
  insertedIds: {
    '0': ObjectId('667841f99062b1bc6b597193'),
    '1': ObjectId('667841f99062b1bc6b597194'),
    '2': ObjectId('667841f99062b1bc6b597195'),
    '3': ObjectId('667841f99062b1bc6b597196'),
    '4': ObjectId('667841f99062b1bc6b597197'),
    '5': ObjectId('667841f99062b1bc6b597198'),
    '6': ObjectId('667841f99062b1bc6b597199')
  }
}

// Find documents where age is greater than 25 and gender is "male"
[
  {
    _id: ObjectId('667841f99062b1bc6b597193'),
    name: 'Ananth',
    age: 32,
    gender: 'male'
  },
  {
    _id: ObjectId('667841f99062b1bc6b597196'),
    name: 'Aditya',
    age: 30,
    gender: 'male'
  },
  {
    _id: ObjectId('667841f99062b1bc6b597198'),
    name: 'Rahul',
    age: 28,
    gender: 'male'
  }
]

// Find documents where age is greater than 30 or gender is "female"
[
  {
    _id: ObjectId('667841f99062b1bc6b597193'),
    name: 'Ananth',
    age: 32,
    gender: 'male'
  },
  {
    _id: ObjectId('667841f99062b1bc6b597194'),
    name: 'Adithi',
    age: 35,
    gender: 'female'
  },
  {
    _id: ObjectId('667841f99062b1bc6b597195'),
    name: 'Ananya',
    age: 27,
    gender: 'female'
  },
  {
    _id: ObjectId('667841f99062b1bc6b597199'),
    name: 'Revathi',
    age: 25,
    gender: 'female'
  }
]

// Insert document
{
  acknowledged: true,
  insertedId: ObjectId('667841f99062b1bc6b59719a')
}

// Query document
[
  {
    _id: ObjectId('667841f99062b1bc6b597193'),
    name: 'Ananth',
    age: 32,
    gender: 'male'
  },
  {
    _id: ObjectId('667841f99062b1bc6b597194'),
    name: 'Adithi',
    age: 35,
    gender: 'female'
  },
  {
    _id: ObjectId('667841f99062b1bc6b59719a'),
    name: 'John',
    age: 35,
    gender: 'male'
  }
]

// Update document
{
  acknowledged: true,
  insertedId: null,
  matchedCount: 1,
  modifiedCount: 1,
  upsertedCount: 0
}

// Delete document
{ acknowledged: true, deletedCount: 1 }

// Projection
[
  {
    _id: ObjectId('667841f99062b1bc6b597193'),
    name: 'Ananth',
    age: 32
  },
  {
    _id: ObjectId('667841f99062b1bc6b597194'),
    name: 'Adithi',
    age: 35
  },
  {
    _id: ObjectId('667841f99062b1bc6b597195'),
    name: 'Ananya',
    age: 27
  },
  {
    _id: ObjectId('667841f99062b1bc6b597196'),
    name: 'Aditya',
    age: 30
  },
  {
    _id: ObjectId('667841f99062b1bc6b597197'),
    name: 'Bharat',
    age: 25
  },
  { _id: ObjectId('667841f99062b1bc6b597198'), name: 'Rahul', age: 28 },
  {
    _id: ObjectId('667841f99062b1bc6b597199'),
    name: 'Revathi',
    age: 25
  }
]
