// Insert document
{
  acknowledged: true,
  insertedIds: {
    '0': ObjectId('667841f9e2731dad40597193'),
    '1': ObjectId('667841f9e2731dad40597194'),
    '2': ObjectId('667841f9e2731dad40597195'),
    '3': ObjectId('667841f9e2731dad40597196'),
    '4': ObjectId('667841f9e2731dad40597197'),
    '5': ObjectId('667841f9e2731dad40597198'),
    '6': ObjectId('667841f9e2731dad40597199')
  }
}

// Select certain fields and ignore some fields
[
  { name: 'Ananth', age: 32 },
  { name: 'Adithi', age: 35 },
  { name: 'Ananya', age: 27 },
  { name: 'Aditya', age: 30 },
  { name: 'Bharat', age: 25 },
  { name: 'Rahul', age: 28 },
  { name: 'Revathi', age: 25 }
]

// Display the first 5 documents
[
  {
    _id: ObjectId('667841f9e2731dad40597193'),
    name: 'Ananth',
    age: 32,
    gender: 'male'
  },
  {
    _id: ObjectId('667841f9e2731dad40597194'),
    name: 'Adithi',
    age: 35,
    gender: 'female'
  },
  {
    _id: ObjectId('667841f9e2731dad40597195'),
    name: 'Ananya',
    age: 27,
    gender: 'female'
  },
  {
    _id: ObjectId('667841f9e2731dad40597196'),
    name: 'Aditya',
    age: 30,
    gender: 'male'
  },
  {
    _id: ObjectId('667841f9e2731dad40597197'),
    name: 'Bharat',
    age: 25,
    gender: 'male'
  }
]
