Learned structure :  [('Rain', 'Sprinkler'), ('GrassWet', 'Rain')]

CPD of Rain :
+----------+-------------+-------------+
| GrassWet | GrassWet(0) | GrassWet(1) |
+----------+-------------+-------------+
| Rain(0)  | 1.0         | 0.2         |
+----------+-------------+-------------+
| Rain(1)  | 0.0         | 0.8         |
+----------+-------------+-------------+

CPD of Sprinkler :
+--------------+---------+---------+
| Rain         | Rain(0) | Rain(1) |
+--------------+---------+---------+
| Sprinkler(0) | 0.25    | 0.75    |
+--------------+---------+---------+
| Sprinkler(1) | 0.75    | 0.25    |
+--------------+---------+---------+

CPD of GrassWet :
+-------------+-------+
| GrassWet(0) | 0.375 |
+-------------+-------+
| GrassWet(1) | 0.625 |
+-------------+-------+

P (Rain | GrassWet = 1) :
 +---------+-------------+
| Rain    |   phi(Rain) |
+=========+=============+
| Rain(0) |      0.2000 |
+---------+-------------+
| Rain(1) |      0.8000 |
+---------+-------------+

H value :  -17.001532557961397
