P(S):
+------+----------+
| S    |   phi(S) |
+======+==========+
| S(T) |   0.6840 |
+------+----------+
| S(F) |   0.3160 |
+------+----------+

P(S | B = T):
+------+----------+
| S    |   phi(S) |
+======+==========+
| S(T) |   0.8880 |
+------+----------+
| S(F) |   0.1120 |
+------+----------+

P(S | A = T):
+------+----------+
| S    |   phi(S) |
+======+==========+
| S(T) |   0.1700 |
+------+----------+
| S(F) |   0.8300 |
+------+----------+

P(R | S = T):
+------+----------+
| R    |   phi(R) |
+======+==========+
| R(T) |   0.3918 |
+------+----------+
| R(F) |   0.6082 |
+------+----------+

P(B | S = T):
+------+----------+
| B    |   phi(B) |
+======+==========+
| B(T) |   0.6491 |
+------+----------+
| B(F) |   0.3509 |
+------+----------+
