\BOOKMARK [1][-]{exp 1.1}{\376\377\000E\000x\000p\000e\000r\000i\000m\000e\000n\000t\000\040\0001}{}% 1
\BOOKMARK [2][-]{section*.3}{\376\377\000\040\000W\000h\000e\000r\000e\000\040\000C\000l\000a\000u\000s\000e\000,\000\040\000A\000N\000D\000,\000\040\000O\000R\000\040\000o\000p\000e\000r\000a\000t\000i\000o\000n\000s\000\040\000i\000n\000\040\000M\000o\000n\000g\000o\000D\000B\000\040}{exp 1.1}% 2
\BOOKMARK [2][-]{section*.4}{\376\377\000I\000n\000s\000e\000r\000t\000,\000\040\000Q\000u\000e\000r\000y\000,\000\040\000U\000p\000d\000a\000t\000e\000,\000\040\000D\000e\000l\000e\000t\000e\000\040\000a\000n\000d\000\040\000P\000r\000o\000j\000e\000c\000t\000i\000o\000n\000\040\000O\000p\000e\000r\000a\000t\000i\000o\000n\000s}{exp 1.1}% 3
\BOOKMARK [1][-]{exp 2.1}{\376\377\000E\000x\000p\000e\000r\000i\000m\000e\000n\000t\000\040\0002}{}% 4
\BOOKMARK [2][-]{section*.7}{\376\377\000M\000o\000n\000g\000o\000D\000B\000\040\000q\000u\000e\000r\000y\000\040\000t\000o\000\040\000s\000e\000l\000e\000c\000t\000\040\000c\000e\000r\000t\000a\000i\000n\000\040\000f\000i\000e\000l\000d\000s\000\040\000a\000n\000d\000\040\000i\000g\000n\000o\000r\000e\000\040\000s\000o\000m\000e\000\040\000f\000i\000e\000l\000d\000s}{exp 2.1}% 5
\BOOKMARK [2][-]{section*.8}{\376\377\000M\000o\000n\000g\000o\000D\000B\000\040\000q\000u\000e\000r\000y\000\040\000t\000o\000\040\000d\000i\000s\000p\000l\000a\000y\000\040\000t\000h\000e\000\040\000f\000i\000r\000s\000t\000\040\0005\000\040\000d\000o\000c\000u\000m\000e\000n\000t\000s}{exp 2.1}% 6
\BOOKMARK [1][-]{exp 3.1}{\376\377\000E\000x\000p\000e\000r\000i\000m\000e\000n\000t\000\040\0003}{}% 7
\BOOKMARK [2][-]{section*.11}{\376\377\000E\000x\000e\000c\000u\000t\000e\000\040\000c\000o\000m\000p\000a\000r\000i\000s\000o\000n\000\040\000s\000e\000l\000e\000c\000t\000o\000r\000s\000,\000\040\000l\000o\000g\000i\000c\000a\000l\000\040\000s\000e\000l\000e\000c\000t\000o\000r\000s}{exp 3.1}% 8
\BOOKMARK [2][-]{section*.12}{\376\377\000E\000x\000e\000c\000u\000t\000e\000\040\000G\000e\000o\000s\000p\000a\000t\000i\000a\000l\000\040\000s\000e\000l\000e\000c\000t\000o\000r\000s\000,\000\040\000B\000i\000t\000w\000i\000s\000e\000\040\000s\000e\000l\000e\000c\000t\000o\000r\000s}{exp 3.1}% 9
\BOOKMARK [1][-]{exp 4.1}{\376\377\000E\000x\000p\000e\000r\000i\000m\000e\000n\000t\000\040\0004}{}% 10
\BOOKMARK [2][-]{section*.15}{\376\377\000p\000r\000o\000j\000e\000c\000t\000i\000o\000n\000\040\000o\000p\000e\000r\000a\000t\000o\000r\000s\000\040\000\044\000,\000\044\000e\000l\000e\000m\000M\000a\000t\000c\000h\000\040\000a\000n\000d\000\040\000\044\000s\000l\000i\000c\000e}{exp 4.1}% 11
\BOOKMARK [1][-]{exp 5.1}{\376\377\000E\000x\000p\000e\000r\000i\000m\000e\000n\000t\000\040\0005}{}% 12
\BOOKMARK [2][-]{section*.18}{\376\377\000A\000g\000g\000r\000e\000g\000a\000t\000i\000o\000n\000\040\000o\000p\000e\000r\000a\000t\000i\000o\000n\000s\000\040\000\040\000\044\000a\000v\000g\000,\000\044\000m\000i\000n\000,\000\044\000m\000a\000x\000,\000\044\000p\000u\000s\000h\000,\000\044\000a\000d\000d\000T\000o\000S\000e\000t}{exp 5.1}% 13
\BOOKMARK [1][-]{exp 6.1}{\376\377\000E\000x\000p\000e\000r\000i\000m\000e\000n\000t\000\040\0006}{}% 14
\BOOKMARK [2][-]{section*.21}{\376\377\000A\000g\000g\000r\000e\000g\000a\000t\000i\000o\000n\000\040\000P\000i\000p\000e\000l\000i\000n\000e\000\040\000a\000n\000d\000\040\000i\000t\000s\000\040\000o\000p\000e\000r\000a\000t\000i\000o\000n\000s\000\040\000\040\000\044\000m\000a\000t\000c\000h\000,\000\044\000g\000r\000o\000u\000p\000,\000\044\000s\000o\000r\000t\000,\000\044\000p\000r\000o\000j\000e\000c\000t\000,\000\044\000s\000k\000i\000p}{exp 6.1}% 15
\BOOKMARK [1][-]{exp 7.1}{\376\377\000E\000x\000p\000e\000r\000i\000m\000e\000n\000t\000\040\0007}{}% 16
\BOOKMARK [2][-]{section*.24}{\376\377\000\040\000F\000i\000n\000d\000\040\000a\000l\000l\000\040\000l\000i\000s\000t\000i\000n\000g\000s\000\040\000w\000i\000t\000h\000\040\000l\000i\000s\000t\000i\000n\000g\000\137\000u\000r\000l\000,\000n\000a\000m\000e\000,\000a\000d\000d\000r\000e\000s\000s\000,\000h\000o\000s\000t\000\137\000p\000i\000c\000t\000u\000r\000e\000\137\000u\000r\000l\000\040}{exp 7.1}% 17
\BOOKMARK [2][-]{section*.25}{\376\377\000\040\000W\000r\000i\000t\000e\000\040\000a\000\040\000q\000u\000e\000r\000y\000\040\000t\000o\000\040\000d\000i\000s\000p\000l\000a\000y\000\040\000r\000e\000v\000i\000e\000w\000s\000\040\000s\000u\000m\000m\000a\000r\000y\000\040}{exp 7.1}% 18
\BOOKMARK [1][-]{exp 8.1}{\376\377\000E\000x\000p\000e\000r\000i\000m\000e\000n\000t\000\040\0008}{}% 19
\BOOKMARK [2][-]{section*.28}{\376\377\000\040\000D\000e\000m\000o\000n\000s\000t\000r\000a\000t\000e\000\040\000c\000r\000e\000a\000t\000i\000o\000n\000\040\000o\000f\000\040\000d\000i\000f\000f\000e\000r\000e\000n\000t\000\040\000t\000y\000p\000e\000s\000\040\000o\000f\000\040\000i\000n\000d\000e\000x\000e\000s\000\040\000o\000n\000\040\000c\000o\000l\000l\000e\000c\000t\000i\000o\000n\000\040}{exp 8.1}% 20
\BOOKMARK [2][-]{section*.29}{\376\377\000\040\000D\000e\000m\000o\000n\000s\000t\000r\000a\000t\000e\000\040\000o\000p\000t\000i\000m\000i\000z\000a\000t\000i\000o\000n\000\040\000o\000f\000\040\000q\000u\000e\000r\000i\000e\000s\000\040\000u\000s\000i\000n\000g\000\040\000i\000n\000d\000e\000x\000e\000s\000\040}{exp 8.1}% 21
\BOOKMARK [1][-]{exp 9.1}{\376\377\000E\000x\000p\000e\000r\000i\000m\000e\000n\000t\000\040\0009}{}% 22
\BOOKMARK [2][-]{section*.32}{\376\377\000\040\000D\000e\000m\000o\000n\000s\000t\000r\000a\000t\000e\000\040\000t\000e\000x\000t\000\040\000s\000e\000a\000r\000c\000h\000\040\000u\000s\000i\000n\000g\000\040\000c\000a\000t\000a\000l\000o\000g\000\040\000d\000a\000t\000a\000\040\000c\000o\000l\000l\000e\000c\000t\000i\000o\000n\000\040\000f\000o\000r\000\040\000a\000\040\000g\000i\000v\000e\000n\000\040\000w\000o\000r\000d\000\040}{exp 9.1}% 23
\BOOKMARK [2][-]{section*.33}{\376\377\000\040\000D\000e\000m\000o\000n\000s\000t\000r\000a\000t\000e\000\040\000t\000e\000x\000t\000\040\000s\000e\000a\000r\000c\000h\000\040\000u\000s\000i\000n\000g\000\040\000c\000o\000l\000l\000e\000c\000t\000i\000o\000n\000\040\000f\000o\000r\000\040\000a\000\040\000g\000i\000v\000e\000n\000\040\000w\000o\000r\000d\000\040}{exp 9.1}% 24
\BOOKMARK [1][-]{exp 10.1}{\376\377\000E\000x\000p\000e\000r\000i\000m\000e\000n\000t\000\040\0001\0000}{}% 25
\BOOKMARK [2][-]{section*.36}{\376\377\000\040\000A\000g\000g\000r\000e\000g\000a\000t\000i\000o\000n\000\040\000p\000i\000p\000e\000l\000i\000n\000e\000\040\000t\000o\000\040\000i\000l\000l\000u\000s\000t\000r\000a\000t\000e\000\040\000t\000e\000x\000t\000\040\000s\000e\000a\000r\000c\000h\000\040\000u\000s\000i\000n\000g\000\040\000c\000o\000l\000l\000e\000c\000t\000i\000o\000n\000\040\000f\000o\000r\000\040\000a\000\040\000g\000i\000v\000e\000n\000\040\000w\000o\000r\000d\000\040}{exp 10.1}% 26
