test> use lab10
switched to db lab10

lab10> db.catalog.insertMany([{
...     _id: 1,
...     subject: 'mongoDB',
...     author: 'xyz',
...     views: 50
... },{
...     _id: 2,
...     subject: 'mongoDB',
...     author: 'efg',
...     views: 5 
... },{
...     _id: 3,
...     subject: 'dbms',
...     author: 'abc',
...     views: 90 
... },{
...     _id: 4,
...     subject: 'dbms',
...     author: 'xyz',
...     views: 100 
... },{
...     _id: 5,
...     subject: 'ai and dbms',
...     author: 'abc',
...     views: 200
... },{
...     _id: 6,
...     subject: 'machine learning',
...     author: 'jkl',
...     views: 80
... },{
...     _id: 7,
...     subject: 'machine learning',
...     author: 'efg',
...     views: 10 
... },{
...     _id: 8,
...     subject: 'operating system and dbms',
...     author: 'xyz',
...     views: 10
... }])
{
  acknowledged: true,
  insertedIds: { '0': 1, '1': 2, '2': 3, '3': 4, '4': 5, '5': 6, '6': 7, '7': 8 }
}

lab10> db.catalog.createIndex({
...     subject: 'text'
... })
subject_text



lab10> db.catalog.aggregate({
...     $match: {
...             $text: { $search: 'machine' }
...     }
... })
[
  { _id: 7, subject: 'machine learning', author: 'efg', views: 10 },
  { _id: 6, subject: 'machine learning', author: 'jkl', views: 80 }
]

lab10> db.catalog.aggregate({
...     $match: {
...             $text: { $search: 'machine' }
...     }
... },{
...     $project: {
...             subject: 1,
...             views: 1,
...             _id: 0
...     }
... })
[
  { subject: 'machine learning', views: 10 },
  { subject: 'machine learning', views: 80 }
]

lab10> db.catalog.aggregate({
...     $match: {
...             $text: { $search: 'machine' }
...     }
... },{
...     $project: {
...             subject: 1,
...             views: 1,
...             _id: 0
...     }
... },{
...     $sort: { views: -1 }
... })
[
  { subject: 'machine learning', views: 80 },
  { subject: 'machine learning', views: 10 }
]

lab10> db.catalog.aggregate({
...     $match: {
...             $text: { $search: 'machine' }
...     }
... },{
...     $project: {
...             subject: 1,
...             views: 1,
...             _id: 0
...     }
... },{
...     $sort: { views: -1 }
... },{
...     $skip: 1
... })
[ { subject: 'machine learning', views: 10 } ]

lab10> db.dropDatabase()
{ ok: 1, dropped: 'lab10' }
