test> use lab7
switched to db lab7

lab7> db.Ecommerce.insertMany([{
...     _id : 1,
...     productname : 'mobile',
...     productid : 's1pro',
...     ratings : 5,
...     reviews : 'good'
... },{
...     _id : 2,
...     productname : 'mobile',
...     productid : 's1pro',
...     ratings : 4,
...     reviews : 'better'
... },{
...     _id : 3,
...     productname : 'laptop',
...     productid : 'l1pro',
...     ratings : 5,
...     reviews : 'good'
... },{
...     _id : 4,
...     productname : 'laptop',
...     productid : 'l1pro',
...     ratings : 4,
...     reviews : 'better'
... },{
...     _id : 5,
...     productname : 'laptop',
...     productid : 'l2pro',
...     ratings : 8,
...     reviews : 'best'
... }])
{
  acknowledged: true,
  insertedIds: { '0': 1, '1': 2, '2': 3, '3': 4, '4': 5 }
}

lab7> db.Ecommerce.aggregate({
...     $group: {
...             _id : '$productid',
...             avgrating : { $avg: '$ratings' },
...             reviews_list: { $push:'$reviews' }
...     }
... })
[
  { _id: 's1pro', avgrating: 4.5, reviews_list: [ 'good', 'better' ] },
  { _id: 'l1pro', avgrating: 4.5, reviews_list: [ 'good', 'better' ] },
  { _id: 'l2pro', avgrating: 8, reviews_list: [ 'best' ] }
]

lab7> db.dropDatabase()
{ ok: 1, dropped: 'lab7' }
