5/5 ━━━━━━━━━━━━━━━━━━━━ 0s 18ms/step
[[122.637474] [269.55103 ] [[112.     ] [178.     ] [236.     ] [267.     ] [355.     ] 
 [128.38081 ] [285.2902  ]  [118.     ] [150.     ] [235.     ] [269.     ] [348.     ] 
 [129.38834 ] [317.2062  ]  [132.     ] [178.     ] [236.     ] [270.     ] [355.     ] 
 [130.11311 ] [343.38077 ]  [118.     ] [163.     ] [235.     ] [269.     ] [421.99997] 
 [136.36691 ] [342.28085 ]  [132.     ] [178.     ] [229.     ] [270.     ] [355.     ] 
 [145.33849 ] [312.16006 ]  [129.     ] [163.     ] [235.     ] [315.     ] [421.99997] 
 [145.7729  ] [275.4047  ]  [132.     ] [172.     ] [229.     ] [270.     ] [465.     ] 
 [136.3295  ] [263.48468 ]  [129.     ] [163.     ] [243.     ] [315.     ] [421.99997] 
 [121.96119 ] [267.27615 ]  [121.     ] [172.     ] [229.     ] [363.99997] [465.     ] 
 [115.77392 ] [280.6445  ]  [129.     ] [178.     ] [243.     ] [315.     ] [466.99997] 
 [114.71276 ] [293.33896 ]  [121.     ] [172.     ] [264.     ] [363.99997] [465.     ] 
 [121.67999 ] [303.45685 ]  [135.     ] [178.     ] [243.     ] [347.     ] [466.99997] 
 [129.15482 ] [317.00555 ]  [121.     ] [199.     ] [264.     ] [363.99997] [403.99997] 
 [135.9219  ] [335.8277  ]  [135.     ] [178.     ] [272.     ] [347.     ] [466.99997] 
 [135.60603 ] [369.55215 ]  [148.     ] [199.     ] [264.     ] [312.     ] [403.99997] 
 [137.84149 ] [398.77756 ]  [135.     ] [199.     ] [272.     ] [347.     ] [347.     ] 
 [149.40161 ] [392.44727 ]  [148.     ] [199.     ] [237.     ] [312.     ] [403.99997] 
 [164.39163 ] [356.6116  ]  [148.     ] [199.     ] [272.     ] [274.     ] [347.     ] 
 [167.4343  ] [311.76993 ]  [148.     ] [184.     ] [237.     ] [312.     ] [305.     ] 
 [155.39789 ] [294.97556 ]  [148.     ] [199.     ] [211.     ] [274.     ] [347.     ] 
 [136.98926 ] [298.3399  ]  [136.     ] [184.     ] [237.     ] [237.     ] [305.     ] 
 [130.61736 ] [308.45465 ]  [148.     ] [162.     ] [211.     ] [274.     ] [336.     ] 
 [134.84264 ] [324.7217  ]  [136.     ] [184.     ] [180.     ] [237.     ] [305.     ] 
 [146.58098 ] [336.3225  ]  [119.     ] [162.     ] [211.     ] [278.     ] [336.     ] 
 [158.81499 ] [354.1383  ]  [136.     ] [146.     ] [180.     ] [237.     ] [340.     ] 
 [165.21613 ] [375.97665 ]  [119.     ] [162.     ] [201.     ] [278.     ] [336.     ] 
 [172.13452 ] [415.32697 ]  [104.     ] [146.     ] [180.     ] [284.     ] [340.     ] 
 [172.20909 ] [452.6094  ]  [119.     ] [166.     ] [201.     ] [278.     ] [318.     ] 
 [183.93752 ] [446.64505 ]  [104.     ] [146.     ] [204.     ] [284.     ] [340.     ] 
 [193.09454 ] [407.24902 ]  [118.     ] [166.     ] [201.     ] [277.     ] [318.     ] 
 [195.17632 ] [353.21884 ]  [104.     ] [171.     ] [204.     ] [284.     ] [362.     ] 
 [182.99426 ] [330.14648 ]  [118.     ] [166.     ] [188.     ] [277.     ] [318.     ] 
 [165.4668  ] [328.15466 ]  [115.     ] [171.     ] [204.     ] [317.     ] [362.     ] 
 [159.18652 ] [332.5752  ]  [118.     ] [180.     ] [188.     ] [277.     ] [348.     ] 
 [162.36562 ] [340.8487  ]  [115.     ] [171.     ] [235.     ] [317.     ] [362.     ] 
 [173.48987 ] [344.02014 ]  [126.     ] [180.     ] [188.     ] [313.     ] [348.     ] 
 [182.36813 ] [358.76636 ]  [115.     ] [193.     ] [235.     ] [317.     ] [363.     ] 
 [185.91919 ] [383.00156 ]  [126.     ] [180.     ] [227.     ] [313.     ] [348.     ] 
 [186.72676 ] [430.9391  ]  [141.     ] [193.     ] [235.     ] [318.     ] [363.     ] 
 [194.71652 ] [478.0607  ]  [126.     ] [181.     ] [227.     ] [313.     ] [434.99997] 
 [211.24689 ] [467.84177 ]  [141.     ] [193.     ] [234.     ] [318.     ] [363.     ] 
 [230.80374 ] [423.67285 ]  [135.     ] [181.     ] [227.     ] [373.99997] [434.99997] 
 [228.1888  ] [358.96484 ]  [141.     ] [183.     ] [234.     ] [318.     ] [491.     ] 
 [215.01724 ] [336.1774  ]  [135.     ] [181.     ] [264.     ] [373.99997] [434.99997] 
 [191.87502 ] [336.7432  ]  [125.     ] [183.     ] [234.     ] [412.99997] [491.     ] 
 [186.52267 ] [347.66095 ]  [135.     ] [218.     ] [264.     ] [373.99997] [505.     ] 
 [188.44821 ] [370.23233 ]  [125.     ] [183.     ] [302.     ] [412.99997] [491.     ] 
 [196.3631  ] [382.8384  ]  [149.     ] [218.     ] [264.     ] [404.99997] [505.     ] 
 [209.92415 ] [408.51758 ]  [125.     ] [230.     ] [302.     ] [412.99997] [403.99997] 
 [223.33012 ] [430.49777 ]  [149.     ] [218.     ] [293.     ] [404.99997] [505.     ] 
 [234.25111 ] [480.86368 ]  [170.     ] [230.     ] [302.     ] [355.     ] [403.99997]
 [236.40599 ] [526.6304  ]  [149.     ] [242.     ] [293.     ] [404.99997] [359.     ]
 [246.06297 ] [523.4436  ]  [170.     ] [230.     ] [259.     ] [355.     ] [403.99997]
 [260.52975 ] [476.8859  ]  [170.     ] [242.     ] [293.     ] [306.     ] [359.     ]
 [258.8207  ] [411.9004  ]  [170.     ] [209.     ] [259.     ] [355.     ] [310.     ]
 [240.99925 ] [392.3205  ]  [170.     ] [242.     ] [229.     ] [306.     ] [359.     ]
 [210.50644 ] [396.04196 ]  [158.     ] [209.     ] [259.     ] [271.     ] [310.     ]
 [198.09131 ] [405.7578  ]  [170.     ] [191.     ] [229.     ] [306.     ] [337.     ]
 [196.0451  ] [410.121   ]  [158.     ] [209.     ] [203.     ] [271.     ] [310.     ]
 [198.83124 ] [424.88687 ]  [133.     ] [191.     ] [229.     ] [306.     ] [337.     ]
 [209.49622 ] [451.92145 ]  [158.     ] [172.     ] [203.     ] [271.     ] [360.     ]
 [217.759   ] [490.02158 ]  [133.     ] [191.     ] [229.     ] [306.     ] [337.     ]
 [232.79655 ] [542.76056 ]  [114.     ] [172.     ] [203.     ] [315.     ] [360.     ]
 [242.30655 ] [586.0393  ]  [133.     ] [194.     ] [229.     ] [306.     ] [342.     ]
 [267.3483  ] [576.80914 ]  [114.     ] [172.     ] [242.     ] [315.     ] [360.     ]
 [287.4277  ] [524.6145  ]  [140.     ] [194.     ] [229.     ] [301.     ] [342.     ]
 [285.8045  ]               [114.     ] [196.     ] [242.     ] [315.     ] [406.     ]
 [261.35272 ]               [140.     ] [194.     ] [233.     ] [301.     ] [342.     ]
 [231.36432 ]               [145.     ] [196.     ] [242.     ] [356.     ] [406.     ]
 [220.95488 ]               [140.     ] [196.     ] [233.     ] [301.     ] [395.99997]
 [225.50525 ]               [145.     ] [196.     ] [267.     ] [356.     ] [406.     ]
 [235.6392  ]               [150.     ] [196.     ] [233.     ] [348.     ] [395.99997]
 [247.90773 ]               [145.     ] [236.     ] [267.     ] [356.     ] [420.     ]
 [257.27002 ]               [150.     ] [196.     ] [269.     ] [348.     ] [395.99997]

 [420.     ]
 [471.99997]
 [420.     ]
 [471.99997]
 [548.     ]
 [471.99997]
 [548.     ]
 [559.     ]
 [548.     ]
 [559.     ]
 [462.99997]
 [559.     ]
 [462.99997]
 [407.     ]
 [462.99997]
 [407.     ]
 [362.     ]
 [407.     ]
 [362.     ]
 [404.99997]
 [362.     ]
 [404.99997]
 [416.99997]
 [404.99997]
 [416.99997]
 [390.99997]
 [416.99997]
 [390.99997]
 [418.99997]
 [390.99997]
 [418.99997]
 [461.     ]
 [418.99997]
 [461.     ]
 [471.99997]
 [461.     ]
 [471.99997]
 [535.     ]
 [471.99997]
 [535.     ]
 [622.     ]
 [535.     ]
 [622.     ]
 [606.     ]
 [622.     ]
 [606.     ]
 [507.99997]
 [606.     ]
 [507.99997]
 [461.     ]]
